C51 COMPILER V9.60.0.0   CLOCK1                                                            12/23/2019 15:47:31 PAGE 1   


C51 COMPILER V9.60.0.0, COMPILATION OF MODULE CLOCK1
OBJECT MODULE PLACED IN .\Objects\clock1.obj
COMPILER INVOKED BY: D:\creating\proteus+keil\keil_c51\C51\BIN\C51.EXE clock1.c OPTIMIZE(8,SPEED) BROWSE DEBUG OBJECTEXT
                    -END PRINT(.\Listings\clock1.lst) TABS(2) OBJECT(.\Objects\clock1.obj)

line level    source

   1          #include <reg52.h>
   2          void main()
   3          {
   4   1        P1=0x7d;
   5   1      
   6   1      }


MODULE INFORMATION:   STATIC OVERLAYABLE
   CODE SIZE        =      4    ----
   CONSTANT SIZE    =   ----    ----
   XDATA SIZE       =   ----    ----
   PDATA SIZE       =   ----    ----
   DATA SIZE        =   ----    ----
   IDATA SIZE       =   ----    ----
   BIT SIZE         =   ----    ----
END OF MODULE INFORMATION.


C51 COMPILATION COMPLETE.  0 WARNING(S),  0 ERROR(S)
